{"name":"Fill the user details form","testSteps":[{"number":1,"description":"[1] {firstname\u003dkk, lastname\u003dpp, email\u003dkp@gmai.com, place\u003dOntario}","duration":2537,"startTime":1520030324431,"result":"SUCCESS","children":[{"number":2,"description":"Given I am logged in as an user","duration":2527,"startTime":1520030324434,"exception":{"errorType":"net.thucydides.core.webdriver.UnsupportedDriverException","message":"Could not instantiate class org.openqa.selenium.chrome.ChromeDriver","stackTrace":[{"declaringClass":"com.kp.testproject.cucumber.steps.serenity.UserSteps","methodName":"opens_home_page","fileName":"UserSteps.java","lineNumber":20},{"declaringClass":"com.kp.testproject.cucumber.steps.PersonalFormScenarioSteps","methodName":"givenIWantToSeeArticlesFromAParticularShop","fileName":"PersonalFormScenarioSteps.java","lineNumber":34}],"COLLAPSE_NEW_LINE_HINTS":["AssertionError","Expected","Expecting","ComparisonFailure"]},"result":"ERROR","children":[{"number":3,"description":"Opens home page","duration":210,"startTime":1520030326712,"exception":{"errorType":"net.thucydides.core.webdriver.UnsupportedDriverException","message":"Could not instantiate class org.openqa.selenium.chrome.ChromeDriver","stackTrace":[{"declaringClass":"com.kp.testproject.cucumber.steps.serenity.UserSteps","methodName":"opens_home_page","fileName":"UserSteps.java","lineNumber":20},{"declaringClass":"com.kp.testproject.cucumber.steps.PersonalFormScenarioSteps","methodName":"givenIWantToSeeArticlesFromAParticularShop","fileName":"PersonalFormScenarioSteps.java","lineNumber":34}],"COLLAPSE_NEW_LINE_HINTS":["AssertionError","Expected","Expecting","ComparisonFailure"]},"result":"ERROR"}]},{"number":4,"description":"When I fill the form with the details as \u0027kk\u0027 and \u0027pp\u0027 and \u0027kp@gmai.com\u0027 and \u0027Ontario\u0027","duration":3,"startTime":1520030326963,"result":"SKIPPED"},{"number":5,"description":"Then I should find submit button enabled","duration":1,"startTime":1520030326966,"result":"SKIPPED"}]},{"number":6,"description":"[1] {firstname\u003dss, lastname\u003dzz, email\u003dsr@gmai.com, place\u003dOntario}","duration":129,"startTime":1520030327189,"result":"SUCCESS","children":[{"number":7,"description":"Given I am logged in as an user","duration":115,"startTime":1520030327201,"exception":{"errorType":"net.thucydides.core.webdriver.UnsupportedDriverException","message":"Could not instantiate class org.openqa.selenium.chrome.ChromeDriver","stackTrace":[{"declaringClass":"com.kp.testproject.cucumber.steps.serenity.UserSteps","methodName":"opens_home_page","fileName":"UserSteps.java","lineNumber":20},{"declaringClass":"com.kp.testproject.cucumber.steps.PersonalFormScenarioSteps","methodName":"givenIWantToSeeArticlesFromAParticularShop","fileName":"PersonalFormScenarioSteps.java","lineNumber":34}],"COLLAPSE_NEW_LINE_HINTS":["AssertionError","Expected","Expecting","ComparisonFailure"]},"result":"ERROR","children":[{"number":8,"description":"Opens home page","duration":43,"startTime":1520030327222,"exception":{"errorType":"net.thucydides.core.webdriver.UnsupportedDriverException","message":"Could not instantiate class org.openqa.selenium.chrome.ChromeDriver","stackTrace":[{"declaringClass":"com.kp.testproject.cucumber.steps.serenity.UserSteps","methodName":"opens_home_page","fileName":"UserSteps.java","lineNumber":20},{"declaringClass":"com.kp.testproject.cucumber.steps.PersonalFormScenarioSteps","methodName":"givenIWantToSeeArticlesFromAParticularShop","fileName":"PersonalFormScenarioSteps.java","lineNumber":34}],"COLLAPSE_NEW_LINE_HINTS":["AssertionError","Expected","Expecting","ComparisonFailure"]},"result":"ERROR"}]},{"number":9,"description":"When I fill the form with the details as \u0027ss\u0027 and \u0027zz\u0027 and \u0027sr@gmai.com\u0027 and \u0027Ontario\u0027","duration":1,"startTime":1520030327316,"result":"SKIPPED"},{"number":10,"description":"Then I should find submit button enabled","duration":1,"startTime":1520030327317,"result":"SKIPPED"}]}],"userStory":{"id":"fill-the-form","storyName":"Fill the form","path":"src/test/resources/features/form/personal-form.feature","narrative":"User should be able to fill and submit the form","type":"feature"},"title":"Fill the user details form","description":"","additionalIssues":["PS-102","PS-102","PS-102"],"tags":[{"name":"PS-102","type":"issue"},{"name":"ui","type":"component"},{"name":"Release-2","type":"version"},{"name":"Fill the form","type":"feature"}],"startTime":1520030323589,"duration":3729,"testFailureCause":{"errorType":"net.thucydides.core.webdriver.UnsupportedDriverException","message":"Could not instantiate class org.openqa.selenium.chrome.ChromeDriver","stackTrace":[{"declaringClass":"com.kp.testproject.cucumber.steps.serenity.UserSteps","methodName":"opens_home_page","fileName":"UserSteps.java","lineNumber":20},{"declaringClass":"com.kp.testproject.cucumber.steps.PersonalFormScenarioSteps","methodName":"givenIWantToSeeArticlesFromAParticularShop","fileName":"PersonalFormScenarioSteps.java","lineNumber":34}],"COLLAPSE_NEW_LINE_HINTS":["AssertionError","Expected","Expecting","ComparisonFailure"]},"testFailureClassname":"java.lang.AssertionError","testFailureMessage":"Could not instantiate class org.openqa.selenium.chrome.ChromeDriver\r\nCould not instantiate class org.openqa.selenium.chrome.ChromeDriver\r\nCould not instantiate class org.openqa.selenium.chrome.ChromeDriver\r\nCould not instantiate class org.openqa.selenium.chrome.ChromeDriver","annotatedResult":"ERROR","dataTable":{"headers":["firstname","lastname","email","place"],"rows":[{"values":["kk","pp","kp@gmai.com","Ontario"],"result":"ERROR"},{"values":["ss","zz","sr@gmai.com","Ontario"],"result":"ERROR"}],"predefinedRows":true,"currentRow":{"value":1},"dataSetDescriptors":[{"startRow":0,"rowCount":0,"name":"","description":""}]},"manual":false,"result":"ERROR","issues":["PS-102","PS-102","PS-102"],"versions":["Release-2"]}